[ 2013-05-31T11:20:10+08:00 ] 127.0.0.6 /
INFO: [ app_begin ] --START--
INFO: Run ReadHtmlCache Behavior [ RunTime:0.011952s ]
INFO: [ app_begin ] --END-- [ RunTime:0.012167s ]
INFO: [ view_template ] --START--
INFO: Run LocationTemplate Behavior [ RunTime:0.011282s ]
INFO: [ view_template ] --END-- [ RunTime:0.011412s ]
INFO: [ view_parse ] --START--
INFO: Run ParseTemplate Behavior [ RunTime:0.146634s ]
INFO: [ view_parse ] --END-- [ RunTime:0.146760s ]
INFO: [ view_filter ] --START--
INFO: Run ContentReplace Behavior [ RunTime:0.029674s ]
INFO: Run TokenBuild Behavior [ RunTime:0.007229s ]
INFO: Run WriteHtmlCache Behavior [ RunTime:0.001852s ]
INFO: Run ShowRuntime Behavior [ RunTime:0.004737s ]
INFO: [ view_filter ] --END-- [ RunTime:0.043809s ]
INFO: [ view_end ] --START--
INFO: Run ShowPageTrace Behavior [ RunTime:0.004310s ]
INFO: [ view_end ] --END-- [ RunTime:0.004411s ]

[ 2013-05-31T11:39:49+08:00 ] 127.0.0.6 /
INFO: [ app_begin ] --START--
INFO: Run ReadHtmlCache Behavior [ RunTime:0.002703s ]
INFO: [ app_begin ] --END-- [ RunTime:0.002848s ]
SQL: SHOW COLUMNS FROM `user` [ RunTime:0.004785s ]
SQL: SELECT * FROM `user` ORDER BY id desc  [ RunTime:0.000731s ]
INFO: [ view_template ] --START--
INFO: Run LocationTemplate Behavior [ RunTime:0.003710s ]
INFO: [ view_template ] --END-- [ RunTime:0.003818s ]
INFO: [ view_parse ] --START--
INFO: Run ParseTemplate Behavior [ RunTime:0.023021s ]
INFO: [ view_parse ] --END-- [ RunTime:0.023255s ]
INFO: [ view_filter ] --START--
INFO: Run ContentReplace Behavior [ RunTime:0.003393s ]
INFO: Run TokenBuild Behavior [ RunTime:0.003092s ]
INFO: Run WriteHtmlCache Behavior [ RunTime:0.002397s ]
INFO: Run ShowRuntime Behavior [ RunTime:0.003140s ]
INFO: [ view_filter ] --END-- [ RunTime:0.012386s ]
INFO: [ view_end ] --START--
INFO: Run ShowPageTrace Behavior [ RunTime:0.002790s ]
INFO: [ view_end ] --END-- [ RunTime:0.002894s ]

[ 2013-05-31T12:06:08+08:00 ] 127.0.0.6 /
INFO: [ app_begin ] --START--
INFO: Run ReadHtmlCache Behavior [ RunTime:0.004315s ]
INFO: [ app_begin ] --END-- [ RunTime:0.004514s ]
INFO: [ view_template ] --START--
INFO: Run LocationTemplate Behavior [ RunTime:0.004412s ]
INFO: [ view_template ] --END-- [ RunTime:0.004585s ]
INFO: [ view_parse ] --START--
INFO: Run ParseTemplate Behavior [ RunTime:0.018831s ]
INFO: [ view_parse ] --END-- [ RunTime:0.018996s ]
INFO: [ view_filter ] --START--
INFO: Run ContentReplace Behavior [ RunTime:0.002339s ]
INFO: Run TokenBuild Behavior [ RunTime:0.002719s ]
INFO: Run WriteHtmlCache Behavior [ RunTime:0.002225s ]
INFO: Run ShowRuntime Behavior [ RunTime:0.002435s ]
INFO: [ view_filter ] --END-- [ RunTime:0.010023s ]
INFO: [ view_end ] --START--
INFO: Run ShowPageTrace Behavior [ RunTime:0.002606s ]
INFO: [ view_end ] --END-- [ RunTime:0.002708s ]

[ 2013-05-31T12:06:19+08:00 ] 127.0.0.6 /
INFO: [ app_begin ] --START--
INFO: Run ReadHtmlCache Behavior [ RunTime:0.002499s ]
INFO: [ app_begin ] --END-- [ RunTime:0.002625s ]
INFO: [ view_template ] --START--
INFO: Run LocationTemplate Behavior [ RunTime:0.003326s ]
INFO: [ view_template ] --END-- [ RunTime:0.003470s ]
INFO: [ view_parse ] --START--
INFO: Run ParseTemplate Behavior [ RunTime:0.019574s ]
INFO: [ view_parse ] --END-- [ RunTime:0.019707s ]
INFO: [ view_filter ] --START--
INFO: Run ContentReplace Behavior [ RunTime:0.002367s ]
INFO: Run TokenBuild Behavior [ RunTime:0.002371s ]
INFO: Run WriteHtmlCache Behavior [ RunTime:0.002752s ]
INFO: Run ShowRuntime Behavior [ RunTime:0.002844s ]
INFO: [ view_filter ] --END-- [ RunTime:0.010652s ]
INFO: [ view_end ] --START--
INFO: Run ShowPageTrace Behavior [ RunTime:0.002670s ]
INFO: [ view_end ] --END-- [ RunTime:0.002775s ]

[ 2013-05-31T14:13:34+08:00 ] ERR: (ThinkException) 无法加载模块:add
[ 2013-05-31T14:14:17+08:00 ] ERR: (ThinkException) 无法加载模块:index
[ 2013-05-31T14:14:43+08:00 ] ERR: (ThinkException) 无法加载模块:index
[ 2013-05-31T14:14:55+08:00 ] 127.0.0.6 /index.php
INFO: [ app_begin ] --START--
INFO: Run ReadHtmlCache Behavior [ RunTime:0.002905s ]
INFO: [ app_begin ] --END-- [ RunTime:0.003034s ]
INFO: [ view_template ] --START--
INFO: Run LocationTemplate Behavior [ RunTime:0.003597s ]
INFO: [ view_template ] --END-- [ RunTime:0.003721s ]
INFO: [ view_parse ] --START--
INFO: Run ParseTemplate Behavior [ RunTime:0.017969s ]
INFO: [ view_parse ] --END-- [ RunTime:0.018099s ]
INFO: [ view_filter ] --START--
INFO: Run ContentReplace Behavior [ RunTime:0.002284s ]
INFO: Run TokenBuild Behavior [ RunTime:0.002631s ]
INFO: Run WriteHtmlCache Behavior [ RunTime:0.003387s ]
INFO: Run ShowRuntime Behavior [ RunTime:0.002932s ]
INFO: [ view_filter ] --END-- [ RunTime:0.011620s ]
INFO: [ view_end ] --START--
INFO: Run ShowPageTrace Behavior [ RunTime:0.002635s ]
INFO: [ view_end ] --END-- [ RunTime:0.002735s ]

[ 2013-05-31T14:15:20+08:00 ] 127.0.0.6 /index.php/Index/index
INFO: [ route_check ] --START--
INFO: Run CheckRoute Behavior [ RunTime:0.003217s ]
INFO: [ route_check ] --END-- [ RunTime:0.003400s ]
INFO: [ app_begin ] --START--
INFO: Run ReadHtmlCache Behavior [ RunTime:0.002510s ]
INFO: [ app_begin ] --END-- [ RunTime:0.002631s ]
INFO: [ view_template ] --START--
INFO: Run LocationTemplate Behavior [ RunTime:0.003219s ]
INFO: [ view_template ] --END-- [ RunTime:0.003347s ]
INFO: [ view_parse ] --START--
INFO: Run ParseTemplate Behavior [ RunTime:0.020002s ]
INFO: [ view_parse ] --END-- [ RunTime:0.020135s ]
INFO: [ view_filter ] --START--
INFO: Run ContentReplace Behavior [ RunTime:0.002367s ]
INFO: Run TokenBuild Behavior [ RunTime:0.002416s ]
INFO: Run WriteHtmlCache Behavior [ RunTime:0.002546s ]
INFO: Run ShowRuntime Behavior [ RunTime:0.002494s ]
INFO: [ view_filter ] --END-- [ RunTime:0.010140s ]
INFO: [ view_end ] --START--
INFO: Run ShowPageTrace Behavior [ RunTime:0.002607s ]
INFO: [ view_end ] --END-- [ RunTime:0.002708s ]

[ 2013-05-31T14:15:27+08:00 ] 127.0.0.6 /index.php/Index/add
INFO: [ route_check ] --START--
INFO: Run CheckRoute Behavior [ RunTime:0.002760s ]
INFO: [ route_check ] --END-- [ RunTime:0.002894s ]
INFO: [ app_begin ] --START--
INFO: Run ReadHtmlCache Behavior [ RunTime:0.002485s ]
INFO: [ app_begin ] --END-- [ RunTime:0.002602s ]
INFO: [ view_template ] --START--
INFO: Run LocationTemplate Behavior [ RunTime:0.003758s ]
INFO: [ view_template ] --END-- [ RunTime:0.003900s ]
INFO: [ view_parse ] --START--
INFO: Run ParseTemplate Behavior [ RunTime:0.018663s ]
INFO: [ view_parse ] --END-- [ RunTime:0.018805s ]
INFO: [ view_filter ] --START--
INFO: Run ContentReplace Behavior [ RunTime:0.002340s ]
INFO: Run TokenBuild Behavior [ RunTime:0.002349s ]
INFO: Run WriteHtmlCache Behavior [ RunTime:0.002193s ]
INFO: Run ShowRuntime Behavior [ RunTime:0.002431s ]
INFO: [ view_filter ] --END-- [ RunTime:0.009610s ]
INFO: [ view_end ] --START--
INFO: Run ShowPageTrace Behavior [ RunTime:0.003129s ]
INFO: [ view_end ] --END-- [ RunTime:0.003240s ]

[ 2013-05-31T14:22:50+08:00 ] 127.0.0.6 /index.php/Index/index
INFO: [ route_check ] --START--
INFO: Run CheckRoute Behavior [ RunTime:0.002844s ]
INFO: [ route_check ] --END-- [ RunTime:0.002981s ]
INFO: [ app_begin ] --START--
INFO: Run ReadHtmlCache Behavior [ RunTime:0.002757s ]
INFO: [ app_begin ] --END-- [ RunTime:0.002882s ]
INFO: [ view_template ] --START--
INFO: Run LocationTemplate Behavior [ RunTime:0.003649s ]
INFO: [ view_template ] --END-- [ RunTime:0.003781s ]
INFO: [ view_parse ] --START--
INFO: Run ParseTemplate Behavior [ RunTime:0.020287s ]
INFO: [ view_parse ] --END-- [ RunTime:0.020420s ]
INFO: [ view_filter ] --START--
INFO: Run ContentReplace Behavior [ RunTime:0.002751s ]
INFO: Run TokenBuild Behavior [ RunTime:0.002401s ]
INFO: Run WriteHtmlCache Behavior [ RunTime:0.002305s ]
INFO: Run ShowRuntime Behavior [ RunTime:0.002504s ]
INFO: [ view_filter ] --END-- [ RunTime:0.010279s ]
INFO: [ view_end ] --START--
INFO: Run ShowPageTrace Behavior [ RunTime:0.002623s ]
INFO: [ view_end ] --END-- [ RunTime:0.002724s ]

[ 2013-05-31T14:26:19+08:00 ] 127.0.0.6 /index.php/Index/index
INFO: [ route_check ] --START--
INFO: Run CheckRoute Behavior [ RunTime:0.002790s ]
INFO: [ route_check ] --END-- [ RunTime:0.002927s ]
INFO: [ app_begin ] --START--
INFO: Run ReadHtmlCache Behavior [ RunTime:0.002502s ]
INFO: [ app_begin ] --END-- [ RunTime:0.002618s ]
INFO: [ view_template ] --START--
INFO: Run LocationTemplate Behavior [ RunTime:0.003592s ]
INFO: [ view_template ] --END-- [ RunTime:0.003718s ]
INFO: [ view_parse ] --START--
INFO: Run ParseTemplate Behavior [ RunTime:0.018491s ]
INFO: [ view_parse ] --END-- [ RunTime:0.018620s ]
INFO: [ view_filter ] --START--
INFO: Run ContentReplace Behavior [ RunTime:0.002275s ]
INFO: Run TokenBuild Behavior [ RunTime:0.002290s ]
INFO: Run WriteHtmlCache Behavior [ RunTime:0.002148s ]
INFO: Run ShowRuntime Behavior [ RunTime:0.002386s ]
INFO: [ view_filter ] --END-- [ RunTime:0.009397s ]
INFO: [ view_end ] --START--
INFO: Run ShowPageTrace Behavior [ RunTime:0.002542s ]
INFO: [ view_end ] --END-- [ RunTime:0.002642s ]

[ 2013-05-31T14:26:21+08:00 ] 127.0.0.6 /index.php/Index/index
INFO: [ route_check ] --START--
INFO: Run CheckRoute Behavior [ RunTime:0.002775s ]
INFO: [ route_check ] --END-- [ RunTime:0.002909s ]
INFO: [ app_begin ] --START--
INFO: Run ReadHtmlCache Behavior [ RunTime:0.002786s ]
INFO: [ app_begin ] --END-- [ RunTime:0.002909s ]
INFO: [ view_template ] --START--
INFO: Run LocationTemplate Behavior [ RunTime:0.003163s ]
INFO: [ view_template ] --END-- [ RunTime:0.003288s ]
INFO: [ view_parse ] --START--
INFO: Run ParseTemplate Behavior [ RunTime:0.017135s ]
INFO: [ view_parse ] --END-- [ RunTime:0.017265s ]
INFO: [ view_filter ] --START--
INFO: Run ContentReplace Behavior [ RunTime:0.002340s ]
INFO: Run TokenBuild Behavior [ RunTime:0.002348s ]
INFO: Run WriteHtmlCache Behavior [ RunTime:0.002223s ]
INFO: Run ShowRuntime Behavior [ RunTime:0.004170s ]
INFO: [ view_filter ] --END-- [ RunTime:0.011401s ]
INFO: [ view_end ] --START--
INFO: Run ShowPageTrace Behavior [ RunTime:0.002635s ]
INFO: [ view_end ] --END-- [ RunTime:0.002742s ]

[ 2013-05-31T14:26:22+08:00 ] 127.0.0.6 /index.php/Index/index
INFO: [ route_check ] --START--
INFO: Run CheckRoute Behavior [ RunTime:0.002756s ]
INFO: [ route_check ] --END-- [ RunTime:0.002888s ]
INFO: [ app_begin ] --START--
INFO: Run ReadHtmlCache Behavior [ RunTime:0.002757s ]
INFO: [ app_begin ] --END-- [ RunTime:0.002878s ]
INFO: [ view_template ] --START--
INFO: Run LocationTemplate Behavior [ RunTime:0.003133s ]
INFO: [ view_template ] --END-- [ RunTime:0.003256s ]
INFO: [ view_parse ] --START--
INFO: Run ParseTemplate Behavior [ RunTime:0.019794s ]
INFO: [ view_parse ] --END-- [ RunTime:0.019930s ]
INFO: [ view_filter ] --START--
INFO: Run ContentReplace Behavior [ RunTime:0.002594s ]
INFO: Run TokenBuild Behavior [ RunTime:0.003472s ]
INFO: Run WriteHtmlCache Behavior [ RunTime:0.002751s ]
INFO: Run ShowRuntime Behavior [ RunTime:0.002874s ]
INFO: [ view_filter ] --END-- [ RunTime:0.012014s ]
INFO: [ view_end ] --START--
INFO: Run ShowPageTrace Behavior [ RunTime:0.003047s ]
INFO: [ view_end ] --END-- [ RunTime:0.003144s ]

[ 2013-05-31T14:26:22+08:00 ] 127.0.0.6 /index.php/Index/index
INFO: [ route_check ] --START--
INFO: Run CheckRoute Behavior [ RunTime:0.002755s ]
INFO: [ route_check ] --END-- [ RunTime:0.002892s ]
INFO: [ app_begin ] --START--
INFO: Run ReadHtmlCache Behavior [ RunTime:0.003019s ]
INFO: [ app_begin ] --END-- [ RunTime:0.003172s ]
INFO: [ view_template ] --START--
INFO: Run LocationTemplate Behavior [ RunTime:0.004304s ]
INFO: [ view_template ] --END-- [ RunTime:0.004496s ]
INFO: [ view_parse ] --START--
INFO: Run ParseTemplate Behavior [ RunTime:0.024769s ]
INFO: [ view_parse ] --END-- [ RunTime:0.025005s ]
INFO: [ view_filter ] --START--
INFO: Run ContentReplace Behavior [ RunTime:0.003518s ]
INFO: Run TokenBuild Behavior [ RunTime:0.003011s ]
INFO: Run WriteHtmlCache Behavior [ RunTime:0.002531s ]
INFO: Run ShowRuntime Behavior [ RunTime:0.006518s ]
INFO: [ view_filter ] --END-- [ RunTime:0.015905s ]
INFO: [ view_end ] --START--
INFO: Run ShowPageTrace Behavior [ RunTime:0.002690s ]
INFO: [ view_end ] --END-- [ RunTime:0.002799s ]

[ 2013-05-31T14:26:22+08:00 ] 127.0.0.6 /index.php/Index/index
INFO: [ route_check ] --START--
INFO: Run CheckRoute Behavior [ RunTime:0.003480s ]
INFO: [ route_check ] --END-- [ RunTime:0.003616s ]
INFO: [ app_begin ] --START--
INFO: Run ReadHtmlCache Behavior [ RunTime:0.003964s ]
INFO: [ app_begin ] --END-- [ RunTime:0.004096s ]
INFO: [ view_template ] --START--
INFO: Run LocationTemplate Behavior [ RunTime:0.007610s ]
INFO: [ view_template ] --END-- [ RunTime:0.007764s ]
INFO: [ view_parse ] --START--
INFO: Run ParseTemplate Behavior [ RunTime:0.023231s ]
INFO: [ view_parse ] --END-- [ RunTime:0.023395s ]
INFO: [ view_filter ] --START--
INFO: Run ContentReplace Behavior [ RunTime:0.004041s ]
INFO: Run TokenBuild Behavior [ RunTime:0.002922s ]
INFO: Run WriteHtmlCache Behavior [ RunTime:0.002446s ]
INFO: Run ShowRuntime Behavior [ RunTime:0.003094s ]
INFO: [ view_filter ] --END-- [ RunTime:0.012831s ]
INFO: [ view_end ] --START--
INFO: Run ShowPageTrace Behavior [ RunTime:0.003816s ]
INFO: [ view_end ] --END-- [ RunTime:0.003984s ]

[ 2013-05-31T14:26:22+08:00 ] 127.0.0.6 /index.php/Index/index
INFO: [ route_check ] --START--
INFO: Run CheckRoute Behavior [ RunTime:0.002142s ]
INFO: [ route_check ] --END-- [ RunTime:0.002278s ]
INFO: [ app_begin ] --START--
INFO: Run ReadHtmlCache Behavior [ RunTime:0.002034s ]
INFO: [ app_begin ] --END-- [ RunTime:0.002158s ]
INFO: [ view_template ] --START--
INFO: Run LocationTemplate Behavior [ RunTime:0.002289s ]
INFO: [ view_template ] --END-- [ RunTime:0.002449s ]
INFO: [ view_parse ] --START--
INFO: Run ParseTemplate Behavior [ RunTime:0.020633s ]
INFO: [ view_parse ] --END-- [ RunTime:0.020777s ]
INFO: [ view_filter ] --START--
INFO: Run ContentReplace Behavior [ RunTime:0.001741s ]
INFO: Run TokenBuild Behavior [ RunTime:0.001443s ]
INFO: Run WriteHtmlCache Behavior [ RunTime:0.001284s ]
INFO: Run ShowRuntime Behavior [ RunTime:0.001525s ]
INFO: [ view_filter ] --END-- [ RunTime:0.006298s ]
INFO: [ view_end ] --START--
INFO: Run ShowPageTrace Behavior [ RunTime:0.001690s ]
INFO: [ view_end ] --END-- [ RunTime:0.001791s ]

[ 2013-05-31T14:28:36+08:00 ] 127.0.0.6 /index.php/Index/index
INFO: [ route_check ] --START--
INFO: Run CheckRoute Behavior [ RunTime:0.002120s ]
INFO: [ route_check ] --END-- [ RunTime:0.002261s ]
INFO: [ app_begin ] --START--
INFO: Run ReadHtmlCache Behavior [ RunTime:0.001617s ]
INFO: [ app_begin ] --END-- [ RunTime:0.001736s ]
INFO: [ view_template ] --START--
INFO: Run LocationTemplate Behavior [ RunTime:0.002615s ]
INFO: [ view_template ] --END-- [ RunTime:0.002922s ]
INFO: [ view_parse ] --START--
INFO: Run ParseTemplate Behavior [ RunTime:0.014432s ]
INFO: [ view_parse ] --END-- [ RunTime:0.014568s ]
INFO: [ view_filter ] --START--
INFO: Run ContentReplace Behavior [ RunTime:0.002747s ]
INFO: Run TokenBuild Behavior [ RunTime:0.001853s ]
INFO: Run WriteHtmlCache Behavior [ RunTime:0.001306s ]
INFO: Run ShowRuntime Behavior [ RunTime:0.001807s ]
INFO: [ view_filter ] --END-- [ RunTime:0.008079s ]
INFO: [ view_end ] --START--
INFO: Run ShowPageTrace Behavior [ RunTime:0.001723s ]
INFO: [ view_end ] --END-- [ RunTime:0.001824s ]

[ 2013-05-31T14:34:07+08:00 ] 127.0.0.6 /index.php/Index/index
INFO: [ route_check ] --START--
INFO: Run CheckRoute Behavior [ RunTime:0.002028s ]
INFO: [ route_check ] --END-- [ RunTime:0.002168s ]
INFO: [ app_begin ] --START--
INFO: Run ReadHtmlCache Behavior [ RunTime:0.001592s ]
INFO: [ app_begin ] --END-- [ RunTime:0.001708s ]
INFO: [ view_template ] --START--
INFO: Run LocationTemplate Behavior [ RunTime:0.002357s ]
INFO: [ view_template ] --END-- [ RunTime:0.002486s ]
INFO: [ view_parse ] --START--
INFO: Run ParseTemplate Behavior [ RunTime:0.014739s ]
INFO: [ view_parse ] --END-- [ RunTime:0.014870s ]
INFO: [ view_filter ] --START--
INFO: Run ContentReplace Behavior [ RunTime:0.001572s ]
INFO: Run TokenBuild Behavior [ RunTime:0.001440s ]
INFO: Run WriteHtmlCache Behavior [ RunTime:0.001303s ]
INFO: Run ShowRuntime Behavior [ RunTime:0.001641s ]
INFO: [ view_filter ] --END-- [ RunTime:0.006263s ]
INFO: [ view_end ] --START--
INFO: Run ShowPageTrace Behavior [ RunTime:0.001980s ]
INFO: [ view_end ] --END-- [ RunTime:0.002092s ]

[ 2013-05-31T14:34:49+08:00 ] 127.0.0.6 /index.php/Index/index
INFO: [ route_check ] --START--
INFO: Run CheckRoute Behavior [ RunTime:0.000952s ]
INFO: [ route_check ] --END-- [ RunTime:0.001083s ]
INFO: [ app_begin ] --START--
INFO: Run ReadHtmlCache Behavior [ RunTime:0.000690s ]
INFO: [ app_begin ] --END-- [ RunTime:0.000788s ]
INFO: [ view_template ] --START--
INFO: Run LocationTemplate Behavior [ RunTime:0.000554s ]
INFO: [ view_template ] --END-- [ RunTime:0.000669s ]
INFO: [ view_parse ] --START--
INFO: Run ParseTemplate Behavior [ RunTime:0.009541s ]
INFO: [ view_parse ] --END-- [ RunTime:0.009689s ]
INFO: [ view_filter ] --START--
INFO: Run ContentReplace Behavior [ RunTime:0.000512s ]
INFO: Run TokenBuild Behavior [ RunTime:0.000454s ]
INFO: Run WriteHtmlCache Behavior [ RunTime:0.000311s ]
INFO: Run ShowRuntime Behavior [ RunTime:0.000628s ]
INFO: [ view_filter ] --END-- [ RunTime:0.002167s ]
INFO: [ view_end ] --START--
INFO: Run ShowPageTrace Behavior [ RunTime:0.000749s ]
INFO: [ view_end ] --END-- [ RunTime:0.000842s ]

[ 2013-05-31T14:34:53+08:00 ] 127.0.0.6 /index.php/Index/index
INFO: [ route_check ] --START--
INFO: Run CheckRoute Behavior [ RunTime:0.000930s ]
INFO: [ route_check ] --END-- [ RunTime:0.001060s ]
INFO: [ app_begin ] --START--
INFO: Run ReadHtmlCache Behavior [ RunTime:0.000679s ]
INFO: [ app_begin ] --END-- [ RunTime:0.000777s ]
INFO: [ view_template ] --START--
INFO: Run LocationTemplate Behavior [ RunTime:0.000465s ]
INFO: [ view_template ] --END-- [ RunTime:0.000573s ]
INFO: [ view_parse ] --START--
INFO: Run ParseTemplate Behavior [ RunTime:0.015044s ]
INFO: [ view_parse ] --END-- [ RunTime:0.015191s ]
INFO: [ view_filter ] --START--
INFO: Run ContentReplace Behavior [ RunTime:0.000461s ]
INFO: Run TokenBuild Behavior [ RunTime:0.000879s ]
INFO: Run WriteHtmlCache Behavior [ RunTime:0.000362s ]
INFO: Run ShowRuntime Behavior [ RunTime:0.000556s ]
INFO: [ view_filter ] --END-- [ RunTime:0.002539s ]
INFO: [ view_end ] --START--
INFO: Run ShowPageTrace Behavior [ RunTime:0.000724s ]
INFO: [ view_end ] --END-- [ RunTime:0.000818s ]

[ 2013-05-31T14:34:55+08:00 ] 127.0.0.6 /index.php/Index/index
INFO: [ route_check ] --START--
INFO: Run CheckRoute Behavior [ RunTime:0.001318s ]
INFO: [ route_check ] --END-- [ RunTime:0.001568s ]
INFO: [ app_begin ] --START--
INFO: Run ReadHtmlCache Behavior [ RunTime:0.000697s ]
INFO: [ app_begin ] --END-- [ RunTime:0.000796s ]
INFO: [ view_template ] --START--
INFO: Run LocationTemplate Behavior [ RunTime:0.000678s ]
INFO: [ view_template ] --END-- [ RunTime:0.000797s ]
INFO: [ view_parse ] --START--
INFO: Run ParseTemplate Behavior [ RunTime:0.009778s ]
INFO: [ view_parse ] --END-- [ RunTime:0.009916s ]
INFO: [ view_filter ] --START--
INFO: Run ContentReplace Behavior [ RunTime:0.000507s ]
INFO: Run TokenBuild Behavior [ RunTime:0.000455s ]
INFO: Run WriteHtmlCache Behavior [ RunTime:0.000311s ]
INFO: Run ShowRuntime Behavior [ RunTime:0.000600s ]
INFO: [ view_filter ] --END-- [ RunTime:0.002194s ]
INFO: [ view_end ] --START--
INFO: Run ShowPageTrace Behavior [ RunTime:0.000736s ]
INFO: [ view_end ] --END-- [ RunTime:0.000833s ]

[ 2013-05-31T14:34:55+08:00 ] 127.0.0.6 /index.php/Index/index
INFO: [ route_check ] --START--
INFO: Run CheckRoute Behavior [ RunTime:0.001219s ]
INFO: [ route_check ] --END-- [ RunTime:0.001445s ]
INFO: [ app_begin ] --START--
INFO: Run ReadHtmlCache Behavior [ RunTime:0.000967s ]
INFO: [ app_begin ] --END-- [ RunTime:0.001120s ]
INFO: [ view_template ] --START--
INFO: Run LocationTemplate Behavior [ RunTime:0.000446s ]
INFO: [ view_template ] --END-- [ RunTime:0.000555s ]
INFO: [ view_parse ] --START--
INFO: Run ParseTemplate Behavior [ RunTime:0.009068s ]
INFO: [ view_parse ] --END-- [ RunTime:0.009208s ]
INFO: [ view_filter ] --START--
INFO: Run ContentReplace Behavior [ RunTime:0.000447s ]
INFO: Run TokenBuild Behavior [ RunTime:0.000437s ]
INFO: Run WriteHtmlCache Behavior [ RunTime:0.000301s ]
INFO: Run ShowRuntime Behavior [ RunTime:0.000535s ]
INFO: [ view_filter ] --END-- [ RunTime:0.001976s ]
INFO: [ view_end ] --START--
INFO: Run ShowPageTrace Behavior [ RunTime:0.000696s ]
INFO: [ view_end ] --END-- [ RunTime:0.000791s ]

[ 2013-05-31T14:34:55+08:00 ] 127.0.0.6 /index.php/Index/index
INFO: [ route_check ] --START--
INFO: Run CheckRoute Behavior [ RunTime:0.000958s ]
INFO: [ route_check ] --END-- [ RunTime:0.001099s ]
INFO: [ app_begin ] --START--
INFO: Run ReadHtmlCache Behavior [ RunTime:0.000906s ]
INFO: [ app_begin ] --END-- [ RunTime:0.001151s ]
INFO: [ view_template ] --START--
INFO: Run LocationTemplate Behavior [ RunTime:0.001869s ]
INFO: [ view_template ] --END-- [ RunTime:0.002047s ]
INFO: [ view_parse ] --START--
INFO: Run ParseTemplate Behavior [ RunTime:0.011272s ]
INFO: [ view_parse ] --END-- [ RunTime:0.011410s ]
INFO: [ view_filter ] --START--
INFO: Run ContentReplace Behavior [ RunTime:0.000663s ]
INFO: Run TokenBuild Behavior [ RunTime:0.000473s ]
INFO: Run WriteHtmlCache Behavior [ RunTime:0.001176s ]
INFO: Run ShowRuntime Behavior [ RunTime:0.001184s ]
INFO: [ view_filter ] --END-- [ RunTime:0.003822s ]
INFO: [ view_end ] --START--
INFO: Run ShowPageTrace Behavior [ RunTime:0.000871s ]
INFO: [ view_end ] --END-- [ RunTime:0.000984s ]

[ 2013-05-31T14:34:55+08:00 ] 127.0.0.6 /index.php/Index/index
INFO: [ route_check ] --START--
INFO: Run CheckRoute Behavior [ RunTime:0.002774s ]
INFO: [ route_check ] --END-- [ RunTime:0.002909s ]
INFO: [ app_begin ] --START--
INFO: Run ReadHtmlCache Behavior [ RunTime:0.002501s ]
INFO: [ app_begin ] --END-- [ RunTime:0.002618s ]
INFO: [ view_template ] --START--
INFO: Run LocationTemplate Behavior [ RunTime:0.006154s ]
INFO: [ view_template ] --END-- [ RunTime:0.006299s ]
INFO: [ view_parse ] --START--
INFO: Run ParseTemplate Behavior [ RunTime:0.018133s ]
INFO: [ view_parse ] --END-- [ RunTime:0.018262s ]
INFO: [ view_filter ] --START--
INFO: Run ContentReplace Behavior [ RunTime:0.002277s ]
INFO: Run TokenBuild Behavior [ RunTime:0.002288s ]
INFO: Run WriteHtmlCache Behavior [ RunTime:0.002158s ]
INFO: Run ShowRuntime Behavior [ RunTime:0.003026s ]
INFO: [ view_filter ] --END-- [ RunTime:0.010054s ]
INFO: [ view_end ] --START--
INFO: Run ShowPageTrace Behavior [ RunTime:0.002615s ]
INFO: [ view_end ] --END-- [ RunTime:0.002717s ]

[ 2013-05-31T16:29:09+08:00 ] 127.0.0.6 /index.php/Index/add
INFO: [ route_check ] --START--
INFO: Run CheckRoute Behavior [ RunTime:0.002940s ]
INFO: [ route_check ] --END-- [ RunTime:0.003078s ]
INFO: [ app_begin ] --START--
INFO: Run ReadHtmlCache Behavior [ RunTime:0.003017s ]
INFO: [ app_begin ] --END-- [ RunTime:0.003142s ]
INFO: [ view_template ] --START--
INFO: Run LocationTemplate Behavior [ RunTime:0.003685s ]
INFO: [ view_template ] --END-- [ RunTime:0.003818s ]
INFO: [ view_parse ] --START--
INFO: Run ParseTemplate Behavior [ RunTime:0.020276s ]
INFO: [ view_parse ] --END-- [ RunTime:0.020407s ]
INFO: [ view_filter ] --START--
INFO: Run ContentReplace Behavior [ RunTime:0.002728s ]
INFO: Run TokenBuild Behavior [ RunTime:0.002489s ]
INFO: Run WriteHtmlCache Behavior [ RunTime:0.002381s ]
INFO: Run ShowRuntime Behavior [ RunTime:0.002465s ]
INFO: [ view_filter ] --END-- [ RunTime:0.010391s ]
INFO: [ view_end ] --START--
INFO: Run ShowPageTrace Behavior [ RunTime:0.002612s ]
INFO: [ view_end ] --END-- [ RunTime:0.002715s ]

[ 2013-05-31T16:29:09+08:00 ] 127.0.0.6 /index.php/Index/add
INFO: [ route_check ] --START--
INFO: Run CheckRoute Behavior [ RunTime:0.003268s ]
INFO: [ route_check ] --END-- [ RunTime:0.003407s ]
INFO: [ app_begin ] --START--
INFO: Run ReadHtmlCache Behavior [ RunTime:0.002644s ]
INFO: [ app_begin ] --END-- [ RunTime:0.002767s ]
INFO: [ view_template ] --START--
INFO: Run LocationTemplate Behavior [ RunTime:0.003716s ]
INFO: [ view_template ] --END-- [ RunTime:0.003852s ]
INFO: [ view_parse ] --START--
INFO: Run ParseTemplate Behavior [ RunTime:0.027401s ]
INFO: [ view_parse ] --END-- [ RunTime:0.027536s ]
INFO: [ view_filter ] --START--
INFO: Run ContentReplace Behavior [ RunTime:0.002664s ]
INFO: Run TokenBuild Behavior [ RunTime:0.002448s ]
INFO: Run WriteHtmlCache Behavior [ RunTime:0.006888s ]
INFO: Run ShowRuntime Behavior [ RunTime:0.002958s ]
INFO: [ view_filter ] --END-- [ RunTime:0.015297s ]
INFO: [ view_end ] --START--
INFO: Run ShowPageTrace Behavior [ RunTime:0.002652s ]
INFO: [ view_end ] --END-- [ RunTime:0.002756s ]

[ 2013-05-31T16:29:09+08:00 ] 127.0.0.6 /index.php/Index/add
INFO: [ route_check ] --START--
INFO: Run CheckRoute Behavior [ RunTime:0.000953s ]
INFO: [ route_check ] --END-- [ RunTime:0.001090s ]
INFO: [ app_begin ] --START--
INFO: Run ReadHtmlCache Behavior [ RunTime:0.000689s ]
INFO: [ app_begin ] --END-- [ RunTime:0.000922s ]
INFO: [ view_template ] --START--
INFO: Run LocationTemplate Behavior [ RunTime:0.003317s ]
INFO: [ view_template ] --END-- [ RunTime:0.003449s ]
INFO: [ view_parse ] --START--
INFO: Run ParseTemplate Behavior [ RunTime:0.015893s ]
INFO: [ view_parse ] --END-- [ RunTime:0.016117s ]
INFO: [ view_filter ] --START--
INFO: Run ContentReplace Behavior [ RunTime:0.002055s ]
INFO: Run TokenBuild Behavior [ RunTime:0.001613s ]
INFO: Run WriteHtmlCache Behavior [ RunTime:0.001292s ]
INFO: Run ShowRuntime Behavior [ RunTime:0.001674s ]
INFO: [ view_filter ] --END-- [ RunTime:0.006957s ]
INFO: [ view_end ] --START--
INFO: Run ShowPageTrace Behavior [ RunTime:0.001710s ]
INFO: [ view_end ] --END-- [ RunTime:0.001811s ]

[ 2013-05-31T16:29:30+08:00 ] 127.0.0.6 /index.php/Index/insert
INFO: [ route_check ] --START--
INFO: Run CheckRoute Behavior [ RunTime:0.000940s ]
INFO: [ route_check ] --END-- [ RunTime:0.001070s ]
INFO: [ app_begin ] --START--
INFO: Run ReadHtmlCache Behavior [ RunTime:0.000688s ]
INFO: [ app_begin ] --END-- [ RunTime:0.000788s ]
NOTIC: [8] Undefined index:  hobby[] D:\AppServ\www\test\form\APP\Lib\Action\IndexAction.class.php 第 19 行.
SQL: SHOW COLUMNS FROM `user` [ RunTime:0.002868s ]
NOTIC: [2] Invalid argument supplied for foreach() D:\AppServ\www\test\form\APP\ThinkPHP\Lib\Core\Model.class.php 第 269 行.
NOTIC: [2] Invalid argument supplied for foreach() D:\AppServ\www\test\form\APP\ThinkPHP\Lib\Core\Db.class.php 第 664 行.
SQL: INSERT INTO `user` () VALUES () [ RunTime:0.003271s ]
INFO: [ view_template ] --START--
INFO: Run LocationTemplate Behavior [ RunTime:0.001960s ]
INFO: [ view_template ] --END-- [ RunTime:0.002159s ]
INFO: [ view_parse ] --START--
INFO: Run ParseTemplate Behavior [ RunTime:0.009880s ]
INFO: [ view_parse ] --END-- [ RunTime:0.010063s ]
INFO: [ view_filter ] --START--
INFO: Run ContentReplace Behavior [ RunTime:0.001434s ]
INFO: Run TokenBuild Behavior [ RunTime:0.000567s ]
INFO: Run WriteHtmlCache Behavior [ RunTime:0.000337s ]
INFO: Run ShowRuntime Behavior [ RunTime:0.000571s ]
INFO: [ view_filter ] --END-- [ RunTime:0.003269s ]
INFO: [ view_end ] --START--
INFO: Run ShowPageTrace Behavior [ RunTime:0.000715s ]
INFO: [ view_end ] --END-- [ RunTime:0.000934s ]

[ 2013-05-31T16:29:32+08:00 ] 127.0.0.6 /index.php/Index/add
INFO: [ route_check ] --START--
INFO: Run CheckRoute Behavior [ RunTime:0.001258s ]
INFO: [ route_check ] --END-- [ RunTime:0.001518s ]
INFO: [ app_begin ] --START--
INFO: Run ReadHtmlCache Behavior [ RunTime:0.001219s ]
INFO: [ app_begin ] --END-- [ RunTime:0.001395s ]
INFO: [ view_template ] --START--
INFO: Run LocationTemplate Behavior [ RunTime:0.000468s ]
INFO: [ view_template ] --END-- [ RunTime:0.000580s ]
INFO: [ view_parse ] --START--
INFO: Run ParseTemplate Behavior [ RunTime:0.009997s ]
INFO: [ view_parse ] --END-- [ RunTime:0.010141s ]
INFO: [ view_filter ] --START--
INFO: Run ContentReplace Behavior [ RunTime:0.000481s ]
INFO: Run TokenBuild Behavior [ RunTime:0.000453s ]
INFO: Run WriteHtmlCache Behavior [ RunTime:0.000305s ]
INFO: Run ShowRuntime Behavior [ RunTime:0.000545s ]
INFO: [ view_filter ] --END-- [ RunTime:0.002041s ]
INFO: [ view_end ] --START--
INFO: Run ShowPageTrace Behavior [ RunTime:0.000813s ]
INFO: [ view_end ] --END-- [ RunTime:0.000913s ]

