[ 2013-04-18T09:52:45+08:00 ] 127.0.0.4 /index.php
INFO: [ app_begin ] --START--
INFO: Run ReadHtmlCache Behavior [ RunTime:0.002446s ]
INFO: [ app_begin ] --END-- [ RunTime:0.002574s ]
INFO: [ view_parse ] --START--
INFO: Run ParseTemplate Behavior [ RunTime:0.016864s ]
INFO: [ view_parse ] --END-- [ RunTime:0.017033s ]
INFO: [ view_filter ] --START--
INFO: Run ContentReplace Behavior [ RunTime:0.002626s ]
INFO: Run TokenBuild Behavior [ RunTime:0.002406s ]
INFO: Run WriteHtmlCache Behavior [ RunTime:0.002287s ]
INFO: Run ShowRuntime Behavior [ RunTime:0.002508s ]
INFO: [ view_filter ] --END-- [ RunTime:0.010224s ]
INFO: [ view_end ] --START--
INFO: Run ShowPageTrace Behavior [ RunTime:0.002647s ]
INFO: [ view_end ] --END-- [ RunTime:0.002759s ]

[ 2013-04-18T16:30:01+08:00 ] 127.0.0.4 /index.php
INFO: [ app_begin ] --START--
INFO: Run ReadHtmlCache Behavior [ RunTime:0.026138s ]
INFO: [ app_begin ] --END-- [ RunTime:0.026278s ]
INFO: [ view_parse ] --START--
INFO: Run ParseTemplate Behavior [ RunTime:0.005027s ]
INFO: [ view_parse ] --END-- [ RunTime:0.005166s ]
INFO: [ view_filter ] --START--
INFO: Run ContentReplace Behavior [ RunTime:0.009084s ]
INFO: Run TokenBuild Behavior [ RunTime:0.009747s ]
INFO: Run WriteHtmlCache Behavior [ RunTime:0.002620s ]
INFO: Run ShowRuntime Behavior [ RunTime:0.006662s ]
INFO: [ view_filter ] --END-- [ RunTime:0.028425s ]
INFO: [ view_end ] --START--
INFO: Run ShowPageTrace Behavior [ RunTime:0.004050s ]
INFO: [ view_end ] --END-- [ RunTime:0.004148s ]

